{
  "C:\\Users\\Edgar\\Documents\\Master\\tcg\\backend\\src\\bootstrap.js": {
    "path": "C:\\Users\\Edgar\\Documents\\Master\\tcg\\backend\\src\\bootstrap.js",
    "statementMap": {
      "0": { "start": { "line": 1, "column": 13 }, "end": { "line": 1, "column": 28 } },
      "1": { "start": { "line": 2, "column": 16 }, "end": { "line": 2, "column": 34 } },
      "2": { "start": { "line": 3, "column": 15 }, "end": { "line": 3, "column": 35 } },
      "3": { "start": { "line": 4, "column": 0 }, "end": { "line": 4, "column": 27 } },
      "4": { "start": { "line": 7, "column": 0 }, "end": { "line": 15, "column": 1 } },
      "5": { "start": { "line": 8, "column": 14 }, "end": { "line": 8, "column": 23 } },
      "6": { "start": { "line": 9, "column": 2 }, "end": { "line": 9, "column": 18 } },
      "7": { "start": { "line": 10, "column": 2 }, "end": { "line": 10, "column": 26 } },
      "8": { "start": { "line": 12, "column": 2 }, "end": { "line": 12, "column": 23 } },
      "9": { "start": { "line": 14, "column": 2 }, "end": { "line": 14, "column": 13 } }
    },
    "fnMap": {
      "0": {
        "name": "(anonymous_0)",
        "decl": { "start": { "line": 7, "column": 23 }, "end": { "line": 7, "column": 24 } },
        "loc": { "start": { "line": 7, "column": 29 }, "end": { "line": 15, "column": 1 } },
        "line": 7
      }
    },
    "branchMap": {},
    "s": { "0": 1, "1": 1, "2": 1, "3": 1, "4": 1, "5": 1, "6": 1, "7": 1, "8": 1, "9": 1 },
    "f": { "0": 1 },
    "b": {},
    "_coverageSchema": "1a1c01bbd47fc00a2c39e90264f33305004495a9",
    "hash": "2c3d3db58a4213ea45df4ebd29862c339c60db09"
  },
  "C:\\Users\\Edgar\\Documents\\Master\\tcg\\backend\\src\\controllers\\cardController.js": {
    "path": "C:\\Users\\Edgar\\Documents\\Master\\tcg\\backend\\src\\controllers\\cardController.js",
    "statementMap": {
      "0": { "start": { "line": 1, "column": 17 }, "end": { "line": 1, "column": 47 } },
      "1": { "start": { "line": 3, "column": 17 }, "end": { "line": 10, "column": 1 } },
      "2": { "start": { "line": 4, "column": 2 }, "end": { "line": 9, "column": 3 } },
      "3": { "start": { "line": 5, "column": 18 }, "end": { "line": 5, "column": 74 } },
      "4": { "start": { "line": 6, "column": 4 }, "end": { "line": 6, "column": 32 } },
      "5": { "start": { "line": 8, "column": 4 }, "end": { "line": 8, "column": 51 } },
      "6": { "start": { "line": 12, "column": 19 }, "end": { "line": 32, "column": 1 } },
      "7": { "start": { "line": 13, "column": 2 }, "end": { "line": 31, "column": 3 } },
      "8": { "start": { "line": 14, "column": 66 }, "end": { "line": 14, "column": 74 } },
      "9": { "start": { "line": 15, "column": 20 }, "end": { "line": 22, "column": 6 } },
      "10": { "start": { "line": 23, "column": 22 }, "end": { "line": 23, "column": 42 } },
      "11": { "start": { "line": 24, "column": 15 }, "end": { "line": 24, "column": 28 } },
      "12": { "start": { "line": 26, "column": 25 }, "end": { "line": 26, "column": 87 } },
      "13": { "start": { "line": 28, "column": 4 }, "end": { "line": 28, "column": 39 } },
      "14": { "start": { "line": 30, "column": 4 }, "end": { "line": 30, "column": 51 } },
      "15": { "start": { "line": 34, "column": 20 }, "end": { "line": 45, "column": 1 } },
      "16": { "start": { "line": 35, "column": 2 }, "end": { "line": 44, "column": 3 } },
      "17": { "start": { "line": 36, "column": 15 }, "end": { "line": 36, "column": 28 } },
      "18": { "start": { "line": 37, "column": 22 }, "end": { "line": 37, "column": 84 } },
      "19": { "start": { "line": 38, "column": 4 }, "end": { "line": 40, "column": 5 } },
      "20": { "start": { "line": 39, "column": 6 }, "end": { "line": 39, "column": 63 } },
      "21": { "start": { "line": 41, "column": 4 }, "end": { "line": 41, "column": 43 } },
      "22": { "start": { "line": 43, "column": 4 }, "end": { "line": 43, "column": 57 } },
      "23": { "start": { "line": 47, "column": 19 }, "end": { "line": 62, "column": 1 } },
      "24": { "start": { "line": 48, "column": 2 }, "end": { "line": 61, "column": 3 } },
      "25": { "start": { "line": 49, "column": 66 }, "end": { "line": 49, "column": 74 } },
      "26": { "start": { "line": 50, "column": 24 }, "end": { "line": 54, "column": 5 } },
      "27": { "start": { "line": 55, "column": 4 }, "end": { "line": 57, "column": 5 } },
      "28": { "start": { "line": 56, "column": 6 }, "end": { "line": 56, "column": 63 } },
      "29": { "start": { "line": 58, "column": 4 }, "end": { "line": 58, "column": 38 } },
      "30": { "start": { "line": 60, "column": 4 }, "end": { "line": 60, "column": 51 } },
      "31": { "start": { "line": 64, "column": 19 }, "end": { "line": 76, "column": 1 } },
      "32": { "start": { "line": 65, "column": 13 }, "end": { "line": 65, "column": 26 } },
      "33": { "start": { "line": 67, "column": 2 }, "end": { "line": 75, "column": 3 } },
      "34": { "start": { "line": 68, "column": 24 }, "end": { "line": 68, "column": 56 } },
      "35": { "start": { "line": 69, "column": 4 }, "end": { "line": 71, "column": 5 } },
      "36": { "start": { "line": 70, "column": 6 }, "end": { "line": 70, "column": 63 } },
      "37": { "start": { "line": 72, "column": 4 }, "end": { "line": 72, "column": 67 } },
      "38": { "start": { "line": 74, "column": 4 }, "end": { "line": 74, "column": 57 } },
      "39": { "start": { "line": 78, "column": 0 }, "end": { "line": 84, "column": 2 } }
    },
    "fnMap": {
      "0": {
        "name": "(anonymous_0)",
        "decl": { "start": { "line": 3, "column": 17 }, "end": { "line": 3, "column": 18 } },
        "loc": { "start": { "line": 3, "column": 37 }, "end": { "line": 10, "column": 1 } },
        "line": 3
      },
      "1": {
        "name": "(anonymous_1)",
        "decl": { "start": { "line": 12, "column": 19 }, "end": { "line": 12, "column": 20 } },
        "loc": { "start": { "line": 12, "column": 39 }, "end": { "line": 32, "column": 1 } },
        "line": 12
      },
      "2": {
        "name": "(anonymous_2)",
        "decl": { "start": { "line": 34, "column": 20 }, "end": { "line": 34, "column": 21 } },
        "loc": { "start": { "line": 34, "column": 40 }, "end": { "line": 45, "column": 1 } },
        "line": 34
      },
      "3": {
        "name": "(anonymous_3)",
        "decl": { "start": { "line": 47, "column": 19 }, "end": { "line": 47, "column": 20 } },
        "loc": { "start": { "line": 47, "column": 39 }, "end": { "line": 62, "column": 1 } },
        "line": 47
      },
      "4": {
        "name": "(anonymous_4)",
        "decl": { "start": { "line": 64, "column": 19 }, "end": { "line": 64, "column": 20 } },
        "loc": { "start": { "line": 64, "column": 39 }, "end": { "line": 76, "column": 1 } },
        "line": 64
      }
    },
    "branchMap": {
      "0": {
        "loc": { "start": { "line": 38, "column": 4 }, "end": { "line": 40, "column": 5 } },
        "type": "if",
        "locations": [
          { "start": { "line": 38, "column": 4 }, "end": { "line": 40, "column": 5 } },
          { "start": {}, "end": {} }
        ],
        "line": 38
      },
      "1": {
        "loc": { "start": { "line": 55, "column": 4 }, "end": { "line": 57, "column": 5 } },
        "type": "if",
        "locations": [
          { "start": { "line": 55, "column": 4 }, "end": { "line": 57, "column": 5 } },
          { "start": {}, "end": {} }
        ],
        "line": 55
      },
      "2": {
        "loc": { "start": { "line": 69, "column": 4 }, "end": { "line": 71, "column": 5 } },
        "type": "if",
        "locations": [
          { "start": { "line": 69, "column": 4 }, "end": { "line": 71, "column": 5 } },
          { "start": {}, "end": {} }
        ],
        "line": 69
      }
    },
    "s": {
      "0": 1,
      "1": 1,
      "2": 0,
      "3": 0,
      "4": 0,
      "5": 0,
      "6": 1,
      "7": 0,
      "8": 0,
      "9": 0,
      "10": 0,
      "11": 0,
      "12": 0,
      "13": 0,
      "14": 0,
      "15": 1,
      "16": 0,
      "17": 0,
      "18": 0,
      "19": 0,
      "20": 0,
      "21": 0,
      "22": 0,
      "23": 1,
      "24": 0,
      "25": 0,
      "26": 0,
      "27": 0,
      "28": 0,
      "29": 0,
      "30": 0,
      "31": 1,
      "32": 0,
      "33": 0,
      "34": 0,
      "35": 0,
      "36": 0,
      "37": 0,
      "38": 0,
      "39": 1
    },
    "f": { "0": 0, "1": 0, "2": 0, "3": 0, "4": 0 },
    "b": { "0": [0, 0], "1": [0, 0], "2": [0, 0] },
    "_coverageSchema": "1a1c01bbd47fc00a2c39e90264f33305004495a9",
    "hash": "2b3c40672996e3e87e2b41ebb9fa5109cb1b3694"
  },
  "C:\\Users\\Edgar\\Documents\\Master\\tcg\\backend\\src\\controllers\\userCollectionController.js": {
    "path": "C:\\Users\\Edgar\\Documents\\Master\\tcg\\backend\\src\\controllers\\userCollectionController.js",
    "statementMap": {
      "0": { "start": { "line": 1, "column": 27 }, "end": { "line": 1, "column": 67 } },
      "1": { "start": { "line": 3, "column": 26 }, "end": { "line": 15, "column": 1 } },
      "2": { "start": { "line": 4, "column": 25 }, "end": { "line": 4, "column": 35 } },
      "3": { "start": { "line": 6, "column": 2 }, "end": { "line": 14, "column": 3 } },
      "4": { "start": { "line": 7, "column": 28 }, "end": { "line": 7, "column": 103 } },
      "5": { "start": { "line": 9, "column": 4 }, "end": { "line": 9, "column": 42 } },
      "6": { "start": { "line": 11, "column": 4 }, "end": { "line": 13, "column": 115 } },
      "7": { "start": { "line": 17, "column": 29 }, "end": { "line": 33, "column": 1 } },
      "8": { "start": { "line": 18, "column": 2 }, "end": { "line": 32, "column": 3 } },
      "9": { "start": { "line": 19, "column": 31 }, "end": { "line": 19, "column": 39 } },
      "10": { "start": { "line": 20, "column": 32 }, "end": { "line": 23, "column": 6 } },
      "11": { "start": { "line": 24, "column": 28 }, "end": { "line": 24, "column": 60 } },
      "12": { "start": { "line": 25, "column": 15 }, "end": { "line": 25, "column": 34 } },
      "13": { "start": { "line": 27, "column": 29 }, "end": { "line": 27, "column": 62 } },
      "14": { "start": { "line": 29, "column": 4 }, "end": { "line": 29, "column": 43 } },
      "15": { "start": { "line": 31, "column": 4 }, "end": { "line": 31, "column": 119 } },
      "16": { "start": { "line": 35, "column": 33 }, "end": { "line": 51, "column": 1 } },
      "17": { "start": { "line": 36, "column": 29 }, "end": { "line": 36, "column": 39 } },
      "18": { "start": { "line": 38, "column": 2 }, "end": { "line": 50, "column": 3 } },
      "19": { "start": { "line": 39, "column": 25 }, "end": { "line": 39, "column": 94 } },
      "20": { "start": { "line": 41, "column": 4 }, "end": { "line": 43, "column": 5 } },
      "21": { "start": { "line": 42, "column": 6 }, "end": { "line": 42, "column": 95 } },
      "22": { "start": { "line": 45, "column": 4 }, "end": { "line": 45, "column": 68 } },
      "23": { "start": { "line": 47, "column": 4 }, "end": { "line": 49, "column": 108 } },
      "24": { "start": { "line": 53, "column": 0 }, "end": { "line": 57, "column": 2 } }
    },
    "fnMap": {
      "0": {
        "name": "(anonymous_0)",
        "decl": { "start": { "line": 3, "column": 26 }, "end": { "line": 3, "column": 27 } },
        "loc": { "start": { "line": 3, "column": 46 }, "end": { "line": 15, "column": 1 } },
        "line": 3
      },
      "1": {
        "name": "(anonymous_1)",
        "decl": { "start": { "line": 17, "column": 29 }, "end": { "line": 17, "column": 30 } },
        "loc": { "start": { "line": 17, "column": 49 }, "end": { "line": 33, "column": 1 } },
        "line": 17
      },
      "2": {
        "name": "(anonymous_2)",
        "decl": { "start": { "line": 35, "column": 33 }, "end": { "line": 35, "column": 34 } },
        "loc": { "start": { "line": 35, "column": 53 }, "end": { "line": 51, "column": 1 } },
        "line": 35
      }
    },
    "branchMap": {
      "0": {
        "loc": { "start": { "line": 41, "column": 4 }, "end": { "line": 43, "column": 5 } },
        "type": "if",
        "locations": [
          { "start": { "line": 41, "column": 4 }, "end": { "line": 43, "column": 5 } },
          { "start": {}, "end": {} }
        ],
        "line": 41
      }
    },
    "s": {
      "0": 1,
      "1": 1,
      "2": 0,
      "3": 0,
      "4": 0,
      "5": 0,
      "6": 0,
      "7": 1,
      "8": 0,
      "9": 0,
      "10": 0,
      "11": 0,
      "12": 0,
      "13": 0,
      "14": 0,
      "15": 0,
      "16": 1,
      "17": 0,
      "18": 0,
      "19": 0,
      "20": 0,
      "21": 0,
      "22": 0,
      "23": 0,
      "24": 1
    },
    "f": { "0": 0, "1": 0, "2": 0 },
    "b": { "0": [0, 0] },
    "_coverageSchema": "1a1c01bbd47fc00a2c39e90264f33305004495a9",
    "hash": "4b1327c00cde47513131c7909f8defdb020c826d"
  },
  "C:\\Users\\Edgar\\Documents\\Master\\tcg\\backend\\src\\controllers\\userController.js": {
    "path": "C:\\Users\\Edgar\\Documents\\Master\\tcg\\backend\\src\\controllers\\userController.js",
    "statementMap": {
      "0": { "start": { "line": 1, "column": 17 }, "end": { "line": 1, "column": 47 } },
      "1": { "start": { "line": 3, "column": 17 }, "end": { "line": 11, "column": 1 } },
      "2": { "start": { "line": 4, "column": 2 }, "end": { "line": 10, "column": 3 } },
      "3": { "start": { "line": 5, "column": 25 }, "end": { "line": 5, "column": 40 } },
      "4": { "start": { "line": 6, "column": 21 }, "end": { "line": 6, "column": 50 } },
      "5": { "start": { "line": 7, "column": 4 }, "end": { "line": 7, "column": 35 } },
      "6": { "start": { "line": 9, "column": 4 }, "end": { "line": 9, "column": 80 } },
      "7": { "start": { "line": 13, "column": 23 }, "end": { "line": 21, "column": 1 } },
      "8": { "start": { "line": 14, "column": 2 }, "end": { "line": 20, "column": 3 } },
      "9": { "start": { "line": 15, "column": 19 }, "end": { "line": 15, "column": 36 } },
      "10": { "start": { "line": 16, "column": 24 }, "end": { "line": 16, "column": 51 } },
      "11": { "start": { "line": 17, "column": 4 }, "end": { "line": 17, "column": 38 } },
      "12": { "start": { "line": 19, "column": 4 }, "end": { "line": 19, "column": 78 } },
      "13": { "start": { "line": 23, "column": 16 }, "end": { "line": 30, "column": 1 } },
      "14": { "start": { "line": 24, "column": 2 }, "end": { "line": 29, "column": 3 } },
      "15": { "start": { "line": 25, "column": 17 }, "end": { "line": 25, "column": 51 } },
      "16": { "start": { "line": 26, "column": 4 }, "end": { "line": 26, "column": 31 } },
      "17": { "start": { "line": 28, "column": 4 }, "end": { "line": 28, "column": 70 } },
      "18": { "start": { "line": 32, "column": 23 }, "end": { "line": 44, "column": 1 } },
      "19": { "start": { "line": 33, "column": 2 }, "end": { "line": 43, "column": 3 } },
      "20": { "start": { "line": 34, "column": 24 }, "end": { "line": 36, "column": 6 } },
      "21": { "start": { "line": 37, "column": 4 }, "end": { "line": 39, "column": 5 } },
      "22": { "start": { "line": 38, "column": 6 }, "end": { "line": 38, "column": 70 } },
      "23": { "start": { "line": 40, "column": 4 }, "end": { "line": 40, "column": 38 } },
      "24": { "start": { "line": 42, "column": 4 }, "end": { "line": 42, "column": 83 } },
      "25": { "start": { "line": 46, "column": 23 }, "end": { "line": 58, "column": 1 } },
      "26": { "start": { "line": 47, "column": 2 }, "end": { "line": 57, "column": 3 } },
      "27": { "start": { "line": 48, "column": 24 }, "end": { "line": 48, "column": 67 } },
      "28": { "start": { "line": 49, "column": 4 }, "end": { "line": 51, "column": 5 } },
      "29": { "start": { "line": 50, "column": 6 }, "end": { "line": 50, "column": 70 } },
      "30": { "start": { "line": 52, "column": 4 }, "end": { "line": 52, "column": 59 } },
      "31": { "start": { "line": 54, "column": 4 }, "end": { "line": 56, "column": 66 } },
      "32": { "start": { "line": 60, "column": 19 }, "end": { "line": 81, "column": 1 } },
      "33": { "start": { "line": 61, "column": 15 }, "end": { "line": 61, "column": 23 } },
      "34": { "start": { "line": 63, "column": 2 }, "end": { "line": 63, "column": 20 } },
      "35": { "start": { "line": 65, "column": 15 }, "end": { "line": 69, "column": 3 } },
      "36": { "start": { "line": 71, "column": 18 }, "end": { "line": 71, "column": 32 } },
      "37": { "start": { "line": 73, "column": 2 }, "end": { "line": 80, "column": 3 } },
      "38": { "start": { "line": 74, "column": 4 }, "end": { "line": 74, "column": 36 } },
      "39": { "start": { "line": 75, "column": 4 }, "end": { "line": 75, "column": 25 } },
      "40": { "start": { "line": 76, "column": 4 }, "end": { "line": 76, "column": 34 } },
      "41": { "start": { "line": 78, "column": 4 }, "end": { "line": 78, "column": 23 } },
      "42": { "start": { "line": 79, "column": 4 }, "end": { "line": 79, "column": 76 } },
      "43": { "start": { "line": 83, "column": 0 }, "end": { "line": 90, "column": 2 } }
    },
    "fnMap": {
      "0": {
        "name": "(anonymous_0)",
        "decl": { "start": { "line": 3, "column": 17 }, "end": { "line": 3, "column": 18 } },
        "loc": { "start": { "line": 3, "column": 37 }, "end": { "line": 11, "column": 1 } },
        "line": 3
      },
      "1": {
        "name": "(anonymous_1)",
        "decl": { "start": { "line": 13, "column": 23 }, "end": { "line": 13, "column": 24 } },
        "loc": { "start": { "line": 13, "column": 43 }, "end": { "line": 21, "column": 1 } },
        "line": 13
      },
      "2": {
        "name": "(anonymous_2)",
        "decl": { "start": { "line": 23, "column": 16 }, "end": { "line": 23, "column": 17 } },
        "loc": { "start": { "line": 23, "column": 36 }, "end": { "line": 30, "column": 1 } },
        "line": 23
      },
      "3": {
        "name": "(anonymous_3)",
        "decl": { "start": { "line": 32, "column": 23 }, "end": { "line": 32, "column": 24 } },
        "loc": { "start": { "line": 32, "column": 43 }, "end": { "line": 44, "column": 1 } },
        "line": 32
      },
      "4": {
        "name": "(anonymous_4)",
        "decl": { "start": { "line": 46, "column": 23 }, "end": { "line": 46, "column": 24 } },
        "loc": { "start": { "line": 46, "column": 43 }, "end": { "line": 58, "column": 1 } },
        "line": 46
      },
      "5": {
        "name": "(anonymous_5)",
        "decl": { "start": { "line": 60, "column": 19 }, "end": { "line": 60, "column": 20 } },
        "loc": { "start": { "line": 60, "column": 39 }, "end": { "line": 81, "column": 1 } },
        "line": 60
      }
    },
    "branchMap": {
      "0": {
        "loc": { "start": { "line": 5, "column": 25 }, "end": { "line": 5, "column": 40 } },
        "type": "binary-expr",
        "locations": [
          { "start": { "line": 5, "column": 25 }, "end": { "line": 5, "column": 34 } },
          { "start": { "line": 5, "column": 38 }, "end": { "line": 5, "column": 40 } }
        ],
        "line": 5
      },
      "1": {
        "loc": { "start": { "line": 37, "column": 4 }, "end": { "line": 39, "column": 5 } },
        "type": "if",
        "locations": [
          { "start": { "line": 37, "column": 4 }, "end": { "line": 39, "column": 5 } },
          { "start": {}, "end": {} }
        ],
        "line": 37
      },
      "2": {
        "loc": { "start": { "line": 49, "column": 4 }, "end": { "line": 51, "column": 5 } },
        "type": "if",
        "locations": [
          { "start": { "line": 49, "column": 4 }, "end": { "line": 51, "column": 5 } },
          { "start": {}, "end": {} }
        ],
        "line": 49
      }
    },
    "s": {
      "0": 1,
      "1": 1,
      "2": 0,
      "3": 0,
      "4": 0,
      "5": 0,
      "6": 0,
      "7": 1,
      "8": 0,
      "9": 0,
      "10": 0,
      "11": 0,
      "12": 0,
      "13": 1,
      "14": 0,
      "15": 0,
      "16": 0,
      "17": 0,
      "18": 1,
      "19": 0,
      "20": 0,
      "21": 0,
      "22": 0,
      "23": 0,
      "24": 0,
      "25": 1,
      "26": 0,
      "27": 0,
      "28": 0,
      "29": 0,
      "30": 0,
      "31": 0,
      "32": 1,
      "33": 0,
      "34": 0,
      "35": 0,
      "36": 0,
      "37": 0,
      "38": 0,
      "39": 0,
      "40": 0,
      "41": 0,
      "42": 0,
      "43": 1
    },
    "f": { "0": 0, "1": 0, "2": 0, "3": 0, "4": 0, "5": 0 },
    "b": { "0": [0, 0], "1": [0, 0], "2": [0, 0] },
    "_coverageSchema": "1a1c01bbd47fc00a2c39e90264f33305004495a9",
    "hash": "3e5cc397e8c6912fdb4bea254901f67d22c43868"
  },
  "C:\\Users\\Edgar\\Documents\\Master\\tcg\\backend\\src\\data\\Schema\\card.js": {
    "path": "C:\\Users\\Edgar\\Documents\\Master\\tcg\\backend\\src\\data\\Schema\\card.js",
    "statementMap": {
      "0": { "start": { "line": 1, "column": 26 }, "end": { "line": 1, "column": 45 } },
      "1": { "start": { "line": 3, "column": 19 }, "end": { "line": 13, "column": 1 } },
      "2": { "start": { "line": 15, "column": 13 }, "end": { "line": 15, "column": 38 } },
      "3": { "start": { "line": 16, "column": 0 }, "end": { "line": 16, "column": 26 } }
    },
    "fnMap": {},
    "branchMap": {},
    "s": { "0": 1, "1": 1, "2": 1, "3": 1 },
    "f": {},
    "b": {},
    "_coverageSchema": "1a1c01bbd47fc00a2c39e90264f33305004495a9",
    "hash": "9b39868116d33a7943f503186e3719ea0b6470a3"
  },
  "C:\\Users\\Edgar\\Documents\\Master\\tcg\\backend\\src\\data\\Schema\\user.js": {
    "path": "C:\\Users\\Edgar\\Documents\\Master\\tcg\\backend\\src\\data\\Schema\\user.js",
    "statementMap": {
      "0": { "start": { "line": 1, "column": 26 }, "end": { "line": 1, "column": 45 } },
      "1": { "start": { "line": 2, "column": 12 }, "end": { "line": 2, "column": 35 } },
      "2": { "start": { "line": 3, "column": 15 }, "end": { "line": 3, "column": 32 } },
      "3": { "start": { "line": 4, "column": 0 }, "end": { "line": 4, "column": 27 } },
      "4": { "start": { "line": 6, "column": 15 }, "end": { "line": 6, "column": 41 } },
      "5": { "start": { "line": 8, "column": 19 }, "end": { "line": 52, "column": 1 } },
      "6": { "start": { "line": 54, "column": 0 }, "end": { "line": 63, "column": 3 } },
      "7": { "start": { "line": 55, "column": 2 }, "end": { "line": 61, "column": 3 } },
      "8": { "start": { "line": 56, "column": 4 }, "end": { "line": 56, "column": 51 } },
      "9": { "start": { "line": 57, "column": 4 }, "end": { "line": 57, "column": 31 } },
      "10": { "start": { "line": 58, "column": 17 }, "end": { "line": 58, "column": 41 } },
      "11": { "start": { "line": 59, "column": 4 }, "end": { "line": 59, "column": 59 } },
      "12": { "start": { "line": 60, "column": 4 }, "end": { "line": 60, "column": 31 } },
      "13": { "start": { "line": 62, "column": 2 }, "end": { "line": 62, "column": 9 } },
      "14": { "start": { "line": 65, "column": 0 }, "end": { "line": 67, "column": 1 } },
      "15": { "start": { "line": 66, "column": 2 }, "end": { "line": 66, "column": 64 } },
      "16": { "start": { "line": 68, "column": 0 }, "end": { "line": 84, "column": 2 } },
      "17": { "start": { "line": 69, "column": 16 }, "end": { "line": 69, "column": 26 } },
      "18": { "start": { "line": 70, "column": 25 }, "end": { "line": 70, "column": 35 } },
      "19": { "start": { "line": 72, "column": 2 }, "end": { "line": 72, "column": 48 } },
      "20": { "start": { "line": 74, "column": 16 }, "end": { "line": 78, "column": 3 } },
      "21": { "start": { "line": 80, "column": 2 }, "end": { "line": 80, "column": 49 } },
      "22": { "start": { "line": 81, "column": 2 }, "end": { "line": 83, "column": 5 } },
      "23": { "start": { "line": 86, "column": 13 }, "end": { "line": 86, "column": 38 } },
      "24": { "start": { "line": 88, "column": 0 }, "end": { "line": 88, "column": 26 } }
    },
    "fnMap": {
      "0": {
        "name": "(anonymous_0)",
        "decl": { "start": { "line": 54, "column": 23 }, "end": { "line": 54, "column": 24 } },
        "loc": { "start": { "line": 54, "column": 45 }, "end": { "line": 63, "column": 1 } },
        "line": 54
      },
      "1": {
        "name": "(anonymous_1)",
        "decl": { "start": { "line": 65, "column": 37 }, "end": { "line": 65, "column": 38 } },
        "loc": { "start": { "line": 65, "column": 72 }, "end": { "line": 67, "column": 1 } },
        "line": 65
      },
      "2": {
        "name": "(anonymous_2)",
        "decl": { "start": { "line": 68, "column": 33 }, "end": { "line": 68, "column": 34 } },
        "loc": { "start": { "line": 68, "column": 45 }, "end": { "line": 84, "column": 1 } },
        "line": 68
      }
    },
    "branchMap": {
      "0": {
        "loc": { "start": { "line": 55, "column": 2 }, "end": { "line": 61, "column": 3 } },
        "type": "if",
        "locations": [
          { "start": { "line": 55, "column": 2 }, "end": { "line": 61, "column": 3 } },
          { "start": {}, "end": {} }
        ],
        "line": 55
      }
    },
    "s": {
      "0": 1,
      "1": 1,
      "2": 1,
      "3": 1,
      "4": 1,
      "5": 1,
      "6": 1,
      "7": 1,
      "8": 1,
      "9": 1,
      "10": 1,
      "11": 1,
      "12": 1,
      "13": 1,
      "14": 1,
      "15": 0,
      "16": 1,
      "17": 1,
      "18": 1,
      "19": 1,
      "20": 1,
      "21": 1,
      "22": 1,
      "23": 1,
      "24": 1
    },
    "f": { "0": 1, "1": 0, "2": 1 },
    "b": { "0": [1, 0] },
    "_coverageSchema": "1a1c01bbd47fc00a2c39e90264f33305004495a9",
    "hash": "560a41dc0505bdba996b25dc15353287ac5e07f8"
  },
  "C:\\Users\\Edgar\\Documents\\Master\\tcg\\backend\\src\\data\\Schema\\userCollection.js": {
    "path": "C:\\Users\\Edgar\\Documents\\Master\\tcg\\backend\\src\\data\\Schema\\userCollection.js",
    "statementMap": {
      "0": { "start": { "line": 1, "column": 26 }, "end": { "line": 1, "column": 45 } },
      "1": { "start": { "line": 3, "column": 29 }, "end": { "line": 19, "column": 1 } },
      "2": { "start": { "line": 21, "column": 23 }, "end": { "line": 21, "column": 68 } },
      "3": { "start": { "line": 23, "column": 0 }, "end": { "line": 23, "column": 36 } }
    },
    "fnMap": {},
    "branchMap": {},
    "s": { "0": 1, "1": 1, "2": 1, "3": 1 },
    "f": {},
    "b": {},
    "_coverageSchema": "1a1c01bbd47fc00a2c39e90264f33305004495a9",
    "hash": "931d15e5bf04abd1e692c8911daec76a19b461e4"
  },
  "C:\\Users\\Edgar\\Documents\\Master\\tcg\\backend\\src\\middlewares\\index.js": {
    "path": "C:\\Users\\Edgar\\Documents\\Master\\tcg\\backend\\src\\middlewares\\index.js",
    "statementMap": {
      "0": { "start": { "line": 2, "column": 26 }, "end": { "line": 6, "column": 1 } },
      "1": { "start": { "line": 3, "column": 4 }, "end": { "line": 3, "column": 45 } },
      "2": { "start": { "line": 4, "column": 4 }, "end": { "line": 4, "column": 36 } },
      "3": { "start": { "line": 5, "column": 4 }, "end": { "line": 5, "column": 11 } },
      "4": { "start": { "line": 9, "column": 20 }, "end": { "line": 9, "column": 71 } },
      "5": { "start": { "line": 10, "column": 4 }, "end": { "line": 10, "column": 34 } },
      "6": { "start": { "line": 14, "column": 20 }, "end": { "line": 14, "column": 82 } },
      "7": { "start": { "line": 15, "column": 4 }, "end": { "line": 15, "column": 34 } },
      "8": { "start": { "line": 18, "column": 21 }, "end": { "line": 44, "column": 1 } },
      "9": { "start": { "line": 19, "column": 4 }, "end": { "line": 19, "column": 45 } },
      "10": { "start": { "line": 20, "column": 17 }, "end": { "line": 20, "column": 25 } },
      "11": { "start": { "line": 22, "column": 4 }, "end": { "line": 25, "column": 5 } },
      "12": { "start": { "line": 23, "column": 8 }, "end": { "line": 23, "column": 63 } },
      "13": { "start": { "line": 24, "column": 8 }, "end": { "line": 24, "column": 15 } },
      "14": { "start": { "line": 26, "column": 4 }, "end": { "line": 29, "column": 5 } },
      "15": { "start": { "line": 27, "column": 8 }, "end": { "line": 27, "column": 63 } },
      "16": { "start": { "line": 28, "column": 8 }, "end": { "line": 28, "column": 15 } },
      "17": { "start": { "line": 30, "column": 4 }, "end": { "line": 33, "column": 5 } },
      "18": { "start": { "line": 31, "column": 8 }, "end": { "line": 31, "column": 165 } },
      "19": { "start": { "line": 32, "column": 8 }, "end": { "line": 32, "column": 15 } },
      "20": { "start": { "line": 34, "column": 4 }, "end": { "line": 37, "column": 5 } },
      "21": { "start": { "line": 35, "column": 8 }, "end": { "line": 35, "column": 60 } },
      "22": { "start": { "line": 36, "column": 8 }, "end": { "line": 36, "column": 15 } },
      "23": { "start": { "line": 38, "column": 4 }, "end": { "line": 41, "column": 5 } },
      "24": { "start": { "line": 39, "column": 8 }, "end": { "line": 39, "column": 73 } },
      "25": { "start": { "line": 40, "column": 8 }, "end": { "line": 40, "column": 15 } },
      "26": { "start": { "line": 43, "column": 4 }, "end": { "line": 43, "column": 11 } },
      "27": { "start": { "line": 47, "column": 0 }, "end": { "line": 50, "column": 1 } }
    },
    "fnMap": {
      "0": {
        "name": "(anonymous_0)",
        "decl": { "start": { "line": 2, "column": 26 }, "end": { "line": 2, "column": 27 } },
        "loc": { "start": { "line": 2, "column": 46 }, "end": { "line": 6, "column": 1 } },
        "line": 2
      },
      "1": {
        "name": "validatePassword",
        "decl": { "start": { "line": 8, "column": 9 }, "end": { "line": 8, "column": 25 } },
        "loc": { "start": { "line": 8, "column": 36 }, "end": { "line": 11, "column": 1 } },
        "line": 8
      },
      "2": {
        "name": "validateEmail",
        "decl": { "start": { "line": 13, "column": 9 }, "end": { "line": 13, "column": 22 } },
        "loc": { "start": { "line": 13, "column": 33 }, "end": { "line": 16, "column": 1 } },
        "line": 13
      },
      "3": {
        "name": "(anonymous_3)",
        "decl": { "start": { "line": 18, "column": 21 }, "end": { "line": 18, "column": 22 } },
        "loc": { "start": { "line": 18, "column": 41 }, "end": { "line": 44, "column": 1 } },
        "line": 18
      }
    },
    "branchMap": {
      "0": {
        "loc": { "start": { "line": 22, "column": 4 }, "end": { "line": 25, "column": 5 } },
        "type": "if",
        "locations": [
          { "start": { "line": 22, "column": 4 }, "end": { "line": 25, "column": 5 } },
          { "start": {}, "end": {} }
        ],
        "line": 22
      },
      "1": {
        "loc": { "start": { "line": 22, "column": 8 }, "end": { "line": 22, "column": 65 } },
        "type": "binary-expr",
        "locations": [
          { "start": { "line": 22, "column": 8 }, "end": { "line": 22, "column": 35 } },
          { "start": { "line": 22, "column": 39 }, "end": { "line": 22, "column": 65 } }
        ],
        "line": 22
      },
      "2": {
        "loc": { "start": { "line": 26, "column": 4 }, "end": { "line": 29, "column": 5 } },
        "type": "if",
        "locations": [
          { "start": { "line": 26, "column": 4 }, "end": { "line": 29, "column": 5 } },
          { "start": {}, "end": {} }
        ],
        "line": 26
      },
      "3": {
        "loc": { "start": { "line": 30, "column": 4 }, "end": { "line": 33, "column": 5 } },
        "type": "if",
        "locations": [
          { "start": { "line": 30, "column": 4 }, "end": { "line": 33, "column": 5 } },
          { "start": {}, "end": {} }
        ],
        "line": 30
      },
      "4": {
        "loc": { "start": { "line": 34, "column": 4 }, "end": { "line": 37, "column": 5 } },
        "type": "if",
        "locations": [
          { "start": { "line": 34, "column": 4 }, "end": { "line": 37, "column": 5 } },
          { "start": {}, "end": {} }
        ],
        "line": 34
      },
      "5": {
        "loc": { "start": { "line": 38, "column": 4 }, "end": { "line": 41, "column": 5 } },
        "type": "if",
        "locations": [
          { "start": { "line": 38, "column": 4 }, "end": { "line": 41, "column": 5 } },
          { "start": {}, "end": {} }
        ],
        "line": 38
      }
    },
    "s": {
      "0": 1,
      "1": 0,
      "2": 0,
      "3": 0,
      "4": 0,
      "5": 0,
      "6": 0,
      "7": 0,
      "8": 1,
      "9": 0,
      "10": 0,
      "11": 0,
      "12": 0,
      "13": 0,
      "14": 0,
      "15": 0,
      "16": 0,
      "17": 0,
      "18": 0,
      "19": 0,
      "20": 0,
      "21": 0,
      "22": 0,
      "23": 0,
      "24": 0,
      "25": 0,
      "26": 0,
      "27": 1
    },
    "f": { "0": 0, "1": 0, "2": 0, "3": 0 },
    "b": { "0": [0, 0], "1": [0, 0], "2": [0, 0], "3": [0, 0], "4": [0, 0], "5": [0, 0] },
    "_coverageSchema": "1a1c01bbd47fc00a2c39e90264f33305004495a9",
    "hash": "d6a9877baeab88755ab9709c9d6d0f54066318b7"
  },
  "C:\\Users\\Edgar\\Documents\\Master\\tcg\\backend\\src\\mongo\\connection\\index.js": {
    "path": "C:\\Users\\Edgar\\Documents\\Master\\tcg\\backend\\src\\mongo\\connection\\index.js",
    "statementMap": {
      "0": { "start": { "line": 1, "column": 17 }, "end": { "line": 1, "column": 36 } },
      "1": { "start": { "line": 2, "column": 30 }, "end": { "line": 2, "column": 62 } },
      "2": { "start": { "line": 3, "column": 15 }, "end": { "line": 3, "column": 32 } },
      "3": { "start": { "line": 5, "column": 0 }, "end": { "line": 5, "column": 16 } },
      "4": { "start": { "line": 7, "column": 12 }, "end": { "line": 7, "column": 33 } },
      "5": { "start": { "line": 10, "column": 0 }, "end": { "line": 26, "column": 2 } },
      "6": { "start": { "line": 11, "column": 2 }, "end": { "line": 11, "column": 37 } },
      "7": { "start": { "line": 13, "column": 2 }, "end": { "line": 25, "column": 3 } },
      "8": { "start": { "line": 14, "column": 4 }, "end": { "line": 18, "column": 5 } },
      "9": { "start": { "line": 15, "column": 6 }, "end": { "line": 15, "column": 49 } },
      "10": { "start": { "line": 16, "column": 6 }, "end": { "line": 16, "column": 31 } },
      "11": { "start": { "line": 17, "column": 6 }, "end": { "line": 17, "column": 25 } },
      "12": { "start": { "line": 20, "column": 4 }, "end": { "line": 20, "column": 34 } },
      "13": { "start": { "line": 21, "column": 18 }, "end": { "line": 21, "column": 37 } },
      "14": { "start": { "line": 22, "column": 4 }, "end": { "line": 22, "column": 55 } },
      "15": { "start": { "line": 22, "column": 33 }, "end": { "line": 22, "column": 53 } },
      "16": { "start": { "line": 24, "column": 4 }, "end": { "line": 24, "column": 19 } },
      "17": { "start": { "line": 28, "column": 0 }, "end": { "line": 37, "column": 2 } },
      "18": { "start": { "line": 29, "column": 2 }, "end": { "line": 36, "column": 3 } },
      "19": { "start": { "line": 30, "column": 4 }, "end": { "line": 30, "column": 38 } },
      "20": { "start": { "line": 31, "column": 4 }, "end": { "line": 33, "column": 5 } },
      "21": { "start": { "line": 32, "column": 6 }, "end": { "line": 32, "column": 27 } },
      "22": { "start": { "line": 35, "column": 4 }, "end": { "line": 35, "column": 21 } }
    },
    "fnMap": {
      "0": {
        "name": "(anonymous_0)",
        "decl": { "start": { "line": 10, "column": 20 }, "end": { "line": 10, "column": 21 } },
        "loc": { "start": { "line": 10, "column": 32 }, "end": { "line": 26, "column": 1 } },
        "line": 10
      },
      "1": {
        "name": "(anonymous_1)",
        "decl": { "start": { "line": 22, "column": 22 }, "end": { "line": 22, "column": 23 } },
        "loc": { "start": { "line": 22, "column": 33 }, "end": { "line": 22, "column": 53 } },
        "line": 22
      },
      "2": {
        "name": "(anonymous_2)",
        "decl": { "start": { "line": 28, "column": 23 }, "end": { "line": 28, "column": 24 } },
        "loc": { "start": { "line": 28, "column": 35 }, "end": { "line": 37, "column": 1 } },
        "line": 28
      }
    },
    "branchMap": {
      "0": {
        "loc": { "start": { "line": 14, "column": 4 }, "end": { "line": 18, "column": 5 } },
        "type": "if",
        "locations": [
          { "start": { "line": 14, "column": 4 }, "end": { "line": 18, "column": 5 } },
          { "start": {}, "end": {} }
        ],
        "line": 14
      },
      "1": {
        "loc": { "start": { "line": 31, "column": 4 }, "end": { "line": 33, "column": 5 } },
        "type": "if",
        "locations": [
          { "start": { "line": 31, "column": 4 }, "end": { "line": 33, "column": 5 } },
          { "start": {}, "end": {} }
        ],
        "line": 31
      }
    },
    "s": {
      "0": 1,
      "1": 1,
      "2": 1,
      "3": 1,
      "4": 1,
      "5": 1,
      "6": 1,
      "7": 1,
      "8": 1,
      "9": 1,
      "10": 1,
      "11": 1,
      "12": 1,
      "13": 1,
      "14": 1,
      "15": 0,
      "16": 0,
      "17": 1,
      "18": 1,
      "19": 1,
      "20": 1,
      "21": 1,
      "22": 0
    },
    "f": { "0": 1, "1": 0, "2": 1 },
    "b": { "0": [1, 0], "1": [1, 0] },
    "_coverageSchema": "1a1c01bbd47fc00a2c39e90264f33305004495a9",
    "hash": "b764291bb4e349ee36ee4cd0cb0be5e79b1ad9e5"
  },
  "C:\\Users\\Edgar\\Documents\\Master\\tcg\\backend\\src\\routers\\auth.js": {
    "path": "C:\\Users\\Edgar\\Documents\\Master\\tcg\\backend\\src\\routers\\auth.js",
    "statementMap": {
      "0": { "start": { "line": 1, "column": 19 }, "end": { "line": 1, "column": 37 } },
      "1": { "start": { "line": 2, "column": 17 }, "end": { "line": 2, "column": 47 } },
      "2": { "start": { "line": 4, "column": 19 }, "end": { "line": 4, "column": 27 } },
      "3": { "start": { "line": 6, "column": 0 }, "end": { "line": 44, "column": 3 } },
      "4": { "start": { "line": 7, "column": 18 }, "end": { "line": 7, "column": 32 } },
      "5": { "start": { "line": 8, "column": 17 }, "end": { "line": 8, "column": 25 } },
      "6": { "start": { "line": 9, "column": 4 }, "end": { "line": 9, "column": 26 } },
      "7": { "start": { "line": 11, "column": 4 }, "end": { "line": 11, "column": 93 } },
      "8": { "start": { "line": 11, "column": 16 }, "end": { "line": 11, "column": 93 } },
      "9": { "start": { "line": 13, "column": 4 }, "end": { "line": 43, "column": 11 } },
      "10": { "start": { "line": 15, "column": 12 }, "end": { "line": 15, "column": 100 } },
      "11": { "start": { "line": 15, "column": 22 }, "end": { "line": 15, "column": 100 } },
      "12": { "start": { "line": 17, "column": 28 }, "end": { "line": 21, "column": 14 } },
      "13": { "start": { "line": 22, "column": 12 }, "end": { "line": 22, "column": 36 } },
      "14": { "start": { "line": 23, "column": 12 }, "end": { "line": 38, "column": 19 } },
      "15": { "start": { "line": 25, "column": 20 }, "end": { "line": 25, "column": 46 } },
      "16": { "start": { "line": 26, "column": 20 }, "end": { "line": 33, "column": 23 } },
      "17": { "start": { "line": 36, "column": 20 }, "end": { "line": 36, "column": 52 } },
      "18": { "start": { "line": 37, "column": 20 }, "end": { "line": 37, "column": 119 } },
      "19": { "start": { "line": 41, "column": 12 }, "end": { "line": 41, "column": 42 } },
      "20": { "start": { "line": 42, "column": 12 }, "end": { "line": 42, "column": 102 } },
      "21": { "start": { "line": 46, "column": 0 }, "end": { "line": 65, "column": 3 } },
      "22": { "start": { "line": 47, "column": 32 }, "end": { "line": 47, "column": 40 } },
      "23": { "start": { "line": 49, "column": 4 }, "end": { "line": 49, "column": 113 } },
      "24": { "start": { "line": 49, "column": 29 }, "end": { "line": 49, "column": 113 } },
      "25": { "start": { "line": 51, "column": 4 }, "end": { "line": 64, "column": 11 } },
      "26": { "start": { "line": 54, "column": 12 }, "end": { "line": 54, "column": 148 } },
      "27": { "start": { "line": 54, "column": 28 }, "end": { "line": 54, "column": 148 } },
      "28": { "start": { "line": 55, "column": 12 }, "end": { "line": 55, "column": 132 } },
      "29": { "start": { "line": 55, "column": 54 }, "end": { "line": 55, "column": 132 } },
      "30": { "start": { "line": 56, "column": 12 }, "end": { "line": 63, "column": 14 } },
      "31": { "start": { "line": 67, "column": 0 }, "end": { "line": 69, "column": 1 } }
    },
    "fnMap": {
      "0": {
        "name": "(anonymous_0)",
        "decl": { "start": { "line": 6, "column": 29 }, "end": { "line": 6, "column": 30 } },
        "loc": { "start": { "line": 6, "column": 43 }, "end": { "line": 44, "column": 1 } },
        "line": 6
      },
      "1": {
        "name": "(anonymous_1)",
        "decl": { "start": { "line": 14, "column": 14 }, "end": { "line": 14, "column": 15 } },
        "loc": { "start": { "line": 14, "column": 24 }, "end": { "line": 39, "column": 9 } },
        "line": 14
      },
      "2": {
        "name": "(anonymous_2)",
        "decl": { "start": { "line": 24, "column": 23 }, "end": { "line": 24, "column": 24 } },
        "loc": { "start": { "line": 24, "column": 37 }, "end": { "line": 34, "column": 17 } },
        "line": 24
      },
      "3": {
        "name": "(anonymous_3)",
        "decl": { "start": { "line": 35, "column": 23 }, "end": { "line": 35, "column": 24 } },
        "loc": { "start": { "line": 35, "column": 30 }, "end": { "line": 38, "column": 17 } },
        "line": 35
      },
      "4": {
        "name": "(anonymous_4)",
        "decl": { "start": { "line": 40, "column": 15 }, "end": { "line": 40, "column": 16 } },
        "loc": { "start": { "line": 40, "column": 21 }, "end": { "line": 43, "column": 9 } },
        "line": 40
      },
      "5": {
        "name": "(anonymous_5)",
        "decl": { "start": { "line": 46, "column": 26 }, "end": { "line": 46, "column": 27 } },
        "loc": { "start": { "line": 46, "column": 40 }, "end": { "line": 65, "column": 1 } },
        "line": 46
      },
      "6": {
        "name": "(anonymous_6)",
        "decl": { "start": { "line": 52, "column": 14 }, "end": { "line": 52, "column": 15 } },
        "loc": { "start": { "line": 52, "column": 29 }, "end": { "line": 64, "column": 9 } },
        "line": 52
      }
    },
    "branchMap": {
      "0": {
        "loc": { "start": { "line": 11, "column": 4 }, "end": { "line": 11, "column": 93 } },
        "type": "if",
        "locations": [
          { "start": { "line": 11, "column": 4 }, "end": { "line": 11, "column": 93 } },
          { "start": {}, "end": {} }
        ],
        "line": 11
      },
      "1": {
        "loc": { "start": { "line": 15, "column": 12 }, "end": { "line": 15, "column": 100 } },
        "type": "if",
        "locations": [
          { "start": { "line": 15, "column": 12 }, "end": { "line": 15, "column": 100 } },
          { "start": {}, "end": {} }
        ],
        "line": 15
      },
      "2": {
        "loc": { "start": { "line": 49, "column": 4 }, "end": { "line": 49, "column": 113 } },
        "type": "if",
        "locations": [
          { "start": { "line": 49, "column": 4 }, "end": { "line": 49, "column": 113 } },
          { "start": {}, "end": {} }
        ],
        "line": 49
      },
      "3": {
        "loc": { "start": { "line": 49, "column": 8 }, "end": { "line": 49, "column": 27 } },
        "type": "binary-expr",
        "locations": [
          { "start": { "line": 49, "column": 8 }, "end": { "line": 49, "column": 14 } },
          { "start": { "line": 49, "column": 18 }, "end": { "line": 49, "column": 27 } }
        ],
        "line": 49
      },
      "4": {
        "loc": { "start": { "line": 54, "column": 12 }, "end": { "line": 54, "column": 148 } },
        "type": "if",
        "locations": [
          { "start": { "line": 54, "column": 12 }, "end": { "line": 54, "column": 148 } },
          { "start": {}, "end": {} }
        ],
        "line": 54
      },
      "5": {
        "loc": { "start": { "line": 55, "column": 12 }, "end": { "line": 55, "column": 132 } },
        "type": "if",
        "locations": [
          { "start": { "line": 55, "column": 12 }, "end": { "line": 55, "column": 132 } },
          { "start": {}, "end": {} }
        ],
        "line": 55
      }
    },
    "s": {
      "0": 1,
      "1": 1,
      "2": 1,
      "3": 1,
      "4": 1,
      "5": 1,
      "6": 1,
      "7": 1,
      "8": 0,
      "9": 1,
      "10": 1,
      "11": 0,
      "12": 1,
      "13": 1,
      "14": 1,
      "15": 1,
      "16": 1,
      "17": 0,
      "18": 0,
      "19": 0,
      "20": 0,
      "21": 1,
      "22": 0,
      "23": 0,
      "24": 0,
      "25": 0,
      "26": 0,
      "27": 0,
      "28": 0,
      "29": 0,
      "30": 0,
      "31": 1
    },
    "f": { "0": 1, "1": 1, "2": 1, "3": 0, "4": 0, "5": 0, "6": 0 },
    "b": { "0": [0, 1], "1": [0, 1], "2": [0, 0], "3": [0, 0], "4": [0, 0], "5": [0, 0] },
    "_coverageSchema": "1a1c01bbd47fc00a2c39e90264f33305004495a9",
    "hash": "338eae4e22547fff55a2e150f1ed5f53367bbd1d"
  },
  "C:\\Users\\Edgar\\Documents\\Master\\tcg\\backend\\src\\routers\\cardRouter.js": {
    "path": "C:\\Users\\Edgar\\Documents\\Master\\tcg\\backend\\src\\routers\\cardRouter.js",
    "statementMap": {
      "0": { "start": { "line": 1, "column": 19 }, "end": { "line": 1, "column": 37 } },
      "1": { "start": { "line": 2, "column": 70 }, "end": { "line": 2, "column": 110 } },
      "2": { "start": { "line": 4, "column": 19 }, "end": { "line": 4, "column": 27 } },
      "3": { "start": { "line": 6, "column": 0 }, "end": { "line": 6, "column": 30 } },
      "4": { "start": { "line": 7, "column": 0 }, "end": { "line": 7, "column": 33 } },
      "5": { "start": { "line": 8, "column": 0 }, "end": { "line": 8, "column": 36 } },
      "6": { "start": { "line": 9, "column": 0 }, "end": { "line": 9, "column": 35 } },
      "7": { "start": { "line": 10, "column": 0 }, "end": { "line": 10, "column": 38 } },
      "8": { "start": { "line": 12, "column": 0 }, "end": { "line": 12, "column": 32 } }
    },
    "fnMap": {},
    "branchMap": {},
    "s": { "0": 1, "1": 1, "2": 1, "3": 1, "4": 1, "5": 1, "6": 1, "7": 1, "8": 1 },
    "f": {},
    "b": {},
    "_coverageSchema": "1a1c01bbd47fc00a2c39e90264f33305004495a9",
    "hash": "ff04cc8e17e63abfcefb93bbfc9e6ca782650632"
  },
  "C:\\Users\\Edgar\\Documents\\Master\\tcg\\backend\\src\\routers\\index.js": {
    "path": "C:\\Users\\Edgar\\Documents\\Master\\tcg\\backend\\src\\routers\\index.js",
    "statementMap": {
      "0": { "start": { "line": 1, "column": 19 }, "end": { "line": 1, "column": 37 } },
      "1": { "start": { "line": 3, "column": 23 }, "end": { "line": 3, "column": 49 } },
      "2": { "start": { "line": 4, "column": 23 }, "end": { "line": 4, "column": 49 } },
      "3": { "start": { "line": 5, "column": 33 }, "end": { "line": 5, "column": 69 } },
      "4": { "start": { "line": 6, "column": 23 }, "end": { "line": 6, "column": 40 } },
      "5": { "start": { "line": 7, "column": 30 }, "end": { "line": 7, "column": 55 } },
      "6": { "start": { "line": 8, "column": 26 }, "end": { "line": 8, "column": 55 } },
      "7": { "start": { "line": 10, "column": 15 }, "end": { "line": 10, "column": 23 } },
      "8": { "start": { "line": 12, "column": 0 }, "end": { "line": 12, "column": 47 } },
      "9": { "start": { "line": 13, "column": 0 }, "end": { "line": 13, "column": 66 } },
      "10": { "start": { "line": 14, "column": 0 }, "end": { "line": 14, "column": 67 } },
      "11": { "start": { "line": 15, "column": 0 }, "end": { "line": 15, "column": 32 } },
      "12": { "start": { "line": 17, "column": 0 }, "end": { "line": 17, "column": 24 } }
    },
    "fnMap": {},
    "branchMap": {},
    "s": { "0": 1, "1": 1, "2": 1, "3": 1, "4": 1, "5": 1, "6": 1, "7": 1, "8": 1, "9": 1, "10": 1, "11": 1, "12": 1 },
    "f": {},
    "b": {},
    "_coverageSchema": "1a1c01bbd47fc00a2c39e90264f33305004495a9",
    "hash": "4fd38f6109c6b743c309ae167a8f4fd382cc00dd"
  },
  "C:\\Users\\Edgar\\Documents\\Master\\tcg\\backend\\src\\routers\\userCollectionRouter.js": {
    "path": "C:\\Users\\Edgar\\Documents\\Master\\tcg\\backend\\src\\routers\\userCollectionRouter.js",
    "statementMap": {
      "0": { "start": { "line": 1, "column": 19 }, "end": { "line": 1, "column": 37 } },
      "1": { "start": { "line": 6, "column": 4 }, "end": { "line": 6, "column": 54 } },
      "2": { "start": { "line": 8, "column": 29 }, "end": { "line": 8, "column": 37 } },
      "3": { "start": { "line": 10, "column": 0 }, "end": { "line": 10, "column": 52 } },
      "4": { "start": { "line": 11, "column": 0 }, "end": { "line": 11, "column": 53 } },
      "5": { "start": { "line": 12, "column": 0 }, "end": { "line": 12, "column": 80 } },
      "6": { "start": { "line": 14, "column": 0 }, "end": { "line": 14, "column": 42 } }
    },
    "fnMap": {},
    "branchMap": {},
    "s": { "0": 1, "1": 1, "2": 1, "3": 1, "4": 1, "5": 1, "6": 1 },
    "f": {},
    "b": {},
    "_coverageSchema": "1a1c01bbd47fc00a2c39e90264f33305004495a9",
    "hash": "790258a3031aa77b89a92178ad827be17b81f202"
  },
  "C:\\Users\\Edgar\\Documents\\Master\\tcg\\backend\\src\\routers\\userRouter.js": {
    "path": "C:\\Users\\Edgar\\Documents\\Master\\tcg\\backend\\src\\routers\\userRouter.js",
    "statementMap": {
      "0": { "start": { "line": 1, "column": 19 }, "end": { "line": 1, "column": 37 } },
      "1": { "start": { "line": 2, "column": 90 }, "end": { "line": 2, "column": 130 } },
      "2": { "start": { "line": 3, "column": 44 }, "end": { "line": 3, "column": 69 } },
      "3": { "start": { "line": 5, "column": 19 }, "end": { "line": 5, "column": 27 } },
      "4": { "start": { "line": 7, "column": 0 }, "end": { "line": 7, "column": 49 } },
      "5": { "start": { "line": 8, "column": 0 }, "end": { "line": 8, "column": 57 } },
      "6": { "start": { "line": 9, "column": 0 }, "end": { "line": 9, "column": 51 } },
      "7": { "start": { "line": 10, "column": 0 }, "end": { "line": 10, "column": 39 } },
      "8": { "start": { "line": 11, "column": 0 }, "end": { "line": 11, "column": 42 } },
      "9": { "start": { "line": 12, "column": 0 }, "end": { "line": 12, "column": 47 } },
      "10": { "start": { "line": 14, "column": 0 }, "end": { "line": 14, "column": 32 } }
    },
    "fnMap": {},
    "branchMap": {},
    "s": { "0": 1, "1": 1, "2": 1, "3": 1, "4": 1, "5": 1, "6": 1, "7": 1, "8": 1, "9": 1, "10": 1 },
    "f": {},
    "b": {},
    "_coverageSchema": "1a1c01bbd47fc00a2c39e90264f33305004495a9",
    "hash": "d5f6acca186d2e25e20e7fc75e687ad345f29491"
  },
  "C:\\Users\\Edgar\\Documents\\Master\\tcg\\backend\\src\\security\\jwt.js": {
    "path": "C:\\Users\\Edgar\\Documents\\Master\\tcg\\backend\\src\\security\\jwt.js",
    "statementMap": {
      "0": { "start": { "line": 1, "column": 12 }, "end": { "line": 1, "column": 35 } },
      "1": { "start": { "line": 2, "column": 15 }, "end": { "line": 2, "column": 32 } },
      "2": { "start": { "line": 4, "column": 0 }, "end": { "line": 4, "column": 16 } },
      "3": { "start": { "line": 6, "column": 18 }, "end": { "line": 6, "column": 44 } },
      "4": { "start": { "line": 8, "column": 22 }, "end": { "line": 25, "column": 1 } },
      "5": { "start": { "line": 9, "column": 23 }, "end": { "line": 9, "column": 51 } },
      "6": { "start": { "line": 10, "column": 4 }, "end": { "line": 10, "column": 93 } },
      "7": { "start": { "line": 10, "column": 21 }, "end": { "line": 10, "column": 93 } },
      "8": { "start": { "line": 12, "column": 18 }, "end": { "line": 12, "column": 42 } },
      "9": { "start": { "line": 13, "column": 4 }, "end": { "line": 13, "column": 91 } },
      "10": { "start": { "line": 13, "column": 16 }, "end": { "line": 13, "column": 91 } },
      "11": { "start": { "line": 17, "column": 4 }, "end": { "line": 21, "column": 5 } },
      "12": { "start": { "line": 18, "column": 8 }, "end": { "line": 18, "column": 52 } },
      "13": { "start": { "line": 20, "column": 8 }, "end": { "line": 20, "column": 67 } },
      "14": { "start": { "line": 23, "column": 4 }, "end": { "line": 23, "column": 34 } },
      "15": { "start": { "line": 24, "column": 4 }, "end": { "line": 24, "column": 11 } },
      "16": { "start": { "line": 27, "column": 0 }, "end": { "line": 29, "column": 1 } }
    },
    "fnMap": {
      "0": {
        "name": "(anonymous_0)",
        "decl": { "start": { "line": 8, "column": 22 }, "end": { "line": 8, "column": 23 } },
        "loc": { "start": { "line": 8, "column": 42 }, "end": { "line": 25, "column": 1 } },
        "line": 8
      }
    },
    "branchMap": {
      "0": {
        "loc": { "start": { "line": 10, "column": 4 }, "end": { "line": 10, "column": 93 } },
        "type": "if",
        "locations": [
          { "start": { "line": 10, "column": 4 }, "end": { "line": 10, "column": 93 } },
          { "start": {}, "end": {} }
        ],
        "line": 10
      },
      "1": {
        "loc": { "start": { "line": 13, "column": 4 }, "end": { "line": 13, "column": 91 } },
        "type": "if",
        "locations": [
          { "start": { "line": 13, "column": 4 }, "end": { "line": 13, "column": 91 } },
          { "start": {}, "end": {} }
        ],
        "line": 13
      }
    },
    "s": {
      "0": 1,
      "1": 1,
      "2": 1,
      "3": 1,
      "4": 1,
      "5": 0,
      "6": 0,
      "7": 0,
      "8": 0,
      "9": 0,
      "10": 0,
      "11": 0,
      "12": 0,
      "13": 0,
      "14": 0,
      "15": 0,
      "16": 1
    },
    "f": { "0": 0 },
    "b": { "0": [0, 0], "1": [0, 0] },
    "_coverageSchema": "1a1c01bbd47fc00a2c39e90264f33305004495a9",
    "hash": "a41995841b315ab7af32976d5f9b2432528d57ef"
  }
}
